#
# There is insufficient memory for the Java Runtime Environment to continue.
# Native memory allocation (malloc) failed to allocate 32744 bytes. Error detail: Chunk::new
# Possible reasons:
#   The system is out of physical RAM or swap space
#   This process is running with CompressedOops enabled, and the Java Heap may be blocking the growth of the native heap
# Possible solutions:
#   Reduce memory load on the system
#   Increase physical memory or swap space
#   Check if swap backing store is full
#   Decrease Java heap size (-Xmx/-Xms)
#   Decrease number of Java threads
#   Decrease Java thread stack sizes (-Xss)
#   Set larger code cache with -XX:ReservedCodeCacheSize=
#   JVM is running with Unscaled Compressed Oops mode in which the Java heap is
#     placed in the first 4GB address space. The Java Heap base address is the
#     maximum limit for the native heap growth. Please use -XX:HeapBaseMinAddress
#     to set the Java Heap base and to place the Java Heap above 4GB virtual address.
# This output file may be truncated or incomplete.
#
#  Out of Memory Error (arena.cpp:168), pid=8508, tid=20440
#
# JRE version: OpenJDK Runtime Environment Temurin-21.0.6+7 (21.0.6+7) (build 21.0.6+7-LTS)
# Java VM: OpenJDK 64-Bit Server VM Temurin-21.0.6+7 (21.0.6+7-LTS, mixed mode, sharing, tiered, compressed oops, compressed class ptrs, g1 gc, windows-amd64)
# No core dump will be written. Minidumps are not enabled by default on client versions of Windows
#

---------------  S U M M A R Y ------------

Command Line: -Xmx64m -Xms64m -Dorg.gradle.appname=gradlew E:\festival flow\festivla manager\backend\\gradle\wrapper\gradle-wrapper.jar bootRun

Host: 11th Gen Intel(R) Core(TM) i5-1135G7 @ 2.40GHz, 8 cores, 7G,  Windows 11 , 64 bit Build 26100 (10.0.26100.7623)
Time: Mon Jan 19 16:31:31 2026  Windows 11 , 64 bit Build 26100 (10.0.26100.7623) elapsed time: 5116.309161 seconds (0d 1h 25m 16s)

---------------  T H R E A D  ---------------

Current thread (0x000001c29a54a8d0):  JavaThread "C2 CompilerThread0" daemon [_thread_in_native, id=20440, stack(0x0000003b2a300000,0x0000003b2a400000) (1024K)]


Current CompileTask:
C2:5116309 2383   !   4       java.io.FileOutputStream::write (47 bytes)

Stack: [0x0000003b2a300000,0x0000003b2a400000]
Native frames: (J=compiled Java code, j=interpreted, Vv=VM code, C=native code)
V  [jvm.dll+0x6cdee9]
V  [jvm.dll+0x8a83d1]
V  [jvm.dll+0x8aa8fe]
V  [jvm.dll+0x8aafe3]
V  [jvm.dll+0x27f706]
V  [jvm.dll+0xc500d]
V  [jvm.dll+0xc5543]
V  [jvm.dll+0x2485f8]
V  [jvm.dll+0x246665]
V  [jvm.dll+0x1c75ee]
V  [jvm.dll+0x25685a]
V  [jvm.dll+0x254dfa]
V  [jvm.dll+0x3f0256]
V  [jvm.dll+0x851f8b]
V  [jvm.dll+0x6cc5ed]
C  [ucrtbase.dll+0x37b0]
C  [KERNEL32.DLL+0x2e8d7]
C  [ntdll.dll+0x8c53c]


---------------  P R O C E S S  ---------------

Threads class SMR info:
_java_thread_list=0x000001c2e0b8bfe0, length=12, elements={
0x000001c2fde658d0, 0x000001c29a535e50, 0x000001c29a53adb0, 0x000001c29a5402d0,
0x000001c29a540e10, 0x000001c29a541950, 0x000001c29a542d60, 0x000001c29a54a8d0,
0x000001c29a55bb10, 0x000001c29a6d6300, 0x000001c29a702b20, 0x000001c2e0b775d0
}

Java Threads: ( => current thread )
  0x000001c2fde658d0 JavaThread "main"                              [_thread_in_native, id=14912, stack(0x0000003b29500000,0x0000003b29600000) (1024K)]
  0x000001c29a535e50 JavaThread "Reference Handler"          daemon [_thread_blocked, id=20424, stack(0x0000003b29d00000,0x0000003b29e00000) (1024K)]
  0x000001c29a53adb0 JavaThread "Finalizer"                  daemon [_thread_blocked, id=4580, stack(0x0000003b29e00000,0x0000003b29f00000) (1024K)]
  0x000001c29a5402d0 JavaThread "Signal Dispatcher"          daemon [_thread_blocked, id=12744, stack(0x0000003b29f00000,0x0000003b2a000000) (1024K)]
  0x000001c29a540e10 JavaThread "Attach Listener"            daemon [_thread_blocked, id=23232, stack(0x0000003b2a000000,0x0000003b2a100000) (1024K)]
  0x000001c29a541950 JavaThread "Service Thread"             daemon [_thread_blocked, id=4168, stack(0x0000003b2a100000,0x0000003b2a200000) (1024K)]
  0x000001c29a542d60 JavaThread "Monitor Deflation Thread"   daemon [_thread_blocked, id=9576, stack(0x0000003b2a200000,0x0000003b2a300000) (1024K)]
=>0x000001c29a54a8d0 JavaThread "C2 CompilerThread0"         daemon [_thread_in_native, id=20440, stack(0x0000003b2a300000,0x0000003b2a400000) (1024K)]
  0x000001c29a55bb10 JavaThread "C1 CompilerThread0"         daemon [_thread_blocked, id=7956, stack(0x0000003b2a400000,0x0000003b2a500000) (1024K)]
  0x000001c29a6d6300 JavaThread "Notification Thread"        daemon [_thread_blocked, id=24700, stack(0x0000003b2a500000,0x0000003b2a600000) (1024K)]
  0x000001c29a702b20 JavaThread "Common-Cleaner"             daemon [_thread_blocked, id=5140, stack(0x0000003b2a600000,0x0000003b2a700000) (1024K)]
  0x000001c2e0b775d0 JavaThread "pool-1-thread-1"                   [_thread_blocked, id=7244, stack(0x0000003b2a800000,0x0000003b2a900000) (1024K)]
Total: 12

Other Threads:
  0x000001c29a518ed0 VMThread "VM Thread"                           [id=14580, stack(0x0000003b29c00000,0x0000003b29d00000) (1024K)]
  0x000001c29a5070b0 WatcherThread "VM Periodic Task Thread"        [id=14928, stack(0x0000003b29b00000,0x0000003b29c00000) (1024K)]
  0x000001c2ff926680 WorkerThread "GC Thread#0"                     [id=9508, stack(0x0000003b29600000,0x0000003b29700000) (1024K)]
  0x000001c29a9ee440 WorkerThread "GC Thread#1"                     [id=11836, stack(0x0000003b2a900000,0x0000003b2aa00000) (1024K)]
  0x000001c29a810b50 WorkerThread "GC Thread#2"                     [id=16048, stack(0x0000003b2aa00000,0x0000003b2ab00000) (1024K)]
  0x000001c29a810ef0 WorkerThread "GC Thread#3"                     [id=22004, stack(0x0000003b2ab00000,0x0000003b2ac00000) (1024K)]
  0x000001c2e0c24ef0 WorkerThread "GC Thread#4"                     [id=13852, stack(0x0000003b2ac00000,0x0000003b2ad00000) (1024K)]
  0x000001c2e0d43460 WorkerThread "GC Thread#5"                     [id=19996, stack(0x0000003b2ad00000,0x0000003b2ae00000) (1024K)]
  0x000001c2e0d43c10 WorkerThread "GC Thread#6"                     [id=23336, stack(0x0000003b2ae00000,0x0000003b2af00000) (1024K)]
  0x000001c2e0d443a0 WorkerThread "GC Thread#7"                     [id=6832, stack(0x0000003b2af00000,0x0000003b2b000000) (1024K)]
  0x000001c2ff927e60 ConcurrentGCThread "G1 Main Marker"            [id=18764, stack(0x0000003b29700000,0x0000003b29800000) (1024K)]
  0x000001c2ff9297e0 WorkerThread "G1 Conc#0"                       [id=11828, stack(0x0000003b29800000,0x0000003b29900000) (1024K)]
  0x000001c2ff9c9c50 ConcurrentGCThread "G1 Refine#0"               [id=10160, stack(0x0000003b29900000,0x0000003b29a00000) (1024K)]
  0x000001c2ff9ca660 ConcurrentGCThread "G1 Service"                [id=576, stack(0x0000003b29a00000,0x0000003b29b00000) (1024K)]
Total: 14

Threads with active compile tasks:
C2 CompilerThread0  5116368 2383   !   4       java.io.FileOutputStream::write (47 bytes)
Total: 1

VM state: not at safepoint (normal execution)

VM Mutex/Monitor currently owned by a thread: None

Heap address: 0x00000000fc000000, size: 64 MB, Compressed Oops mode: 32-bit

CDS archive(s) mapped at: [0x000001c29b000000-0x000001c29bc80000-0x000001c29bc80000), size 13107200, SharedBaseAddress: 0x000001c29b000000, ArchiveRelocationMode: 1.
Compressed class space mapped at: 0x000001c29c000000-0x000001c2dc000000, reserved size: 1073741824
Narrow klass base: 0x000001c29b000000, Narrow klass shift: 0, Narrow klass range: 0x100000000

GC Precious Log:
 CardTable entry size: 512
 Card Set container configuration: InlinePtr #cards 5 size 8 Array Of Cards #cards 12 size 40 Howl #buckets 4 coarsen threshold 1843 Howl Bitmap #cards 512 size 80 coarsen threshold 460 Card regions per heap region 1 cards per card region 2048
 CPUs: 8 total, 8 available
 Memory: 7865M
 Large Page Support: Disabled
 NUMA Support: Disabled
 Compressed Oops: Enabled (32-bit)
 Heap Region Size: 1M
 Heap Min Capacity: 64M
 Heap Initial Capacity: 64M
 Heap Max Capacity: 64M
 Pre-touch: Disabled
 Parallel Workers: 8
 Concurrent Workers: 2
 Concurrent Refinement Workers: 8
 Periodic GC: Disabled

Heap:
 garbage-first heap   total 65536K, used 17415K [0x00000000fc000000, 0x0000000100000000)
  region size 1024K, 6 young (6144K), 1 survivors (1024K)
 Metaspace       used 10108K, committed 10368K, reserved 1114112K
  class space    used 1273K, committed 1408K, reserved 1048576K

Heap Regions: E=young(eden), S=young(survivor), O=old, HS=humongous(starts), HC=humongous(continues), CS=collection set, F=free, TAMS=top-at-mark-start, PB=parsable bottom
|   0|0x00000000fc000000, 0x00000000fc100000, 0x00000000fc100000|100%|HS|  |TAMS 0x00000000fc000000| PB 0x00000000fc000000| Complete 
|   1|0x00000000fc100000, 0x00000000fc200000, 0x00000000fc200000|100%|HC|  |TAMS 0x00000000fc100000| PB 0x00000000fc100000| Complete 
|   2|0x00000000fc200000, 0x00000000fc300000, 0x00000000fc300000|100%|HC|  |TAMS 0x00000000fc200000| PB 0x00000000fc200000| Complete 
|   3|0x00000000fc300000, 0x00000000fc400000, 0x00000000fc400000|100%|HC|  |TAMS 0x00000000fc300000| PB 0x00000000fc300000| Complete 
|   4|0x00000000fc400000, 0x00000000fc500000, 0x00000000fc500000|100%| O|  |TAMS 0x00000000fc400000| PB 0x00000000fc400000| Untracked 
|   5|0x00000000fc500000, 0x00000000fc600000, 0x00000000fc600000|100%| O|  |TAMS 0x00000000fc500000| PB 0x00000000fc500000| Untracked 
|   6|0x00000000fc600000, 0x00000000fc700000, 0x00000000fc700000|100%| O|  |TAMS 0x00000000fc600000| PB 0x00000000fc600000| Untracked 
|   7|0x00000000fc700000, 0x00000000fc800000, 0x00000000fc800000|100%| O|  |TAMS 0x00000000fc700000| PB 0x00000000fc700000| Untracked 
|   8|0x00000000fc800000, 0x00000000fc900000, 0x00000000fc900000|100%| O|  |TAMS 0x00000000fc800000| PB 0x00000000fc800000| Untracked 
|   9|0x00000000fc900000, 0x00000000fca00000, 0x00000000fca00000|100%| O|  |TAMS 0x00000000fc900000| PB 0x00000000fc900000| Untracked 
|  10|0x00000000fca00000, 0x00000000fcb00000, 0x00000000fcb00000|100%| O|  |TAMS 0x00000000fca00000| PB 0x00000000fca00000| Untracked 
|  11|0x00000000fcb00000, 0x00000000fcc00000, 0x00000000fcc00000|100%| O|  |TAMS 0x00000000fcb00000| PB 0x00000000fcb00000| Untracked 
|  12|0x00000000fcc00000, 0x00000000fcc2b4e0, 0x00000000fcd00000| 16%| O|  |TAMS 0x00000000fcc00000| PB 0x00000000fcc00000| Untracked 
|  13|0x00000000fcd00000, 0x00000000fcd00000, 0x00000000fce00000|  0%| F|  |TAMS 0x00000000fcd00000| PB 0x00000000fcd00000| Untracked 
|  14|0x00000000fce00000, 0x00000000fce00000, 0x00000000fcf00000|  0%| F|  |TAMS 0x00000000fce00000| PB 0x00000000fce00000| Untracked 
|  15|0x00000000fcf00000, 0x00000000fcf00000, 0x00000000fd000000|  0%| F|  |TAMS 0x00000000fcf00000| PB 0x00000000fcf00000| Untracked 
|  16|0x00000000fd000000, 0x00000000fd000000, 0x00000000fd100000|  0%| F|  |TAMS 0x00000000fd000000| PB 0x00000000fd000000| Untracked 
|  17|0x00000000fd100000, 0x00000000fd100000, 0x00000000fd200000|  0%| F|  |TAMS 0x00000000fd100000| PB 0x00000000fd100000| Untracked 
|  18|0x00000000fd200000, 0x00000000fd200000, 0x00000000fd300000|  0%| F|  |TAMS 0x00000000fd200000| PB 0x00000000fd200000| Untracked 
|  19|0x00000000fd300000, 0x00000000fd300000, 0x00000000fd400000|  0%| F|  |TAMS 0x00000000fd300000| PB 0x00000000fd300000| Untracked 
|  20|0x00000000fd400000, 0x00000000fd400000, 0x00000000fd500000|  0%| F|  |TAMS 0x00000000fd400000| PB 0x00000000fd400000| Untracked 
|  21|0x00000000fd500000, 0x00000000fd500000, 0x00000000fd600000|  0%| F|  |TAMS 0x00000000fd500000| PB 0x00000000fd500000| Untracked 
|  22|0x00000000fd600000, 0x00000000fd600000, 0x00000000fd700000|  0%| F|  |TAMS 0x00000000fd600000| PB 0x00000000fd600000| Untracked 
|  23|0x00000000fd700000, 0x00000000fd700000, 0x00000000fd800000|  0%| F|  |TAMS 0x00000000fd700000| PB 0x00000000fd700000| Untracked 
|  24|0x00000000fd800000, 0x00000000fd800000, 0x00000000fd900000|  0%| F|  |TAMS 0x00000000fd800000| PB 0x00000000fd800000| Untracked 
|  25|0x00000000fd900000, 0x00000000fd900000, 0x00000000fda00000|  0%| F|  |TAMS 0x00000000fd900000| PB 0x00000000fd900000| Untracked 
|  26|0x00000000fda00000, 0x00000000fda00000, 0x00000000fdb00000|  0%| F|  |TAMS 0x00000000fda00000| PB 0x00000000fda00000| Untracked 
|  27|0x00000000fdb00000, 0x00000000fdb00000, 0x00000000fdc00000|  0%| F|  |TAMS 0x00000000fdb00000| PB 0x00000000fdb00000| Untracked 
|  28|0x00000000fdc00000, 0x00000000fdc00000, 0x00000000fdd00000|  0%| F|  |TAMS 0x00000000fdc00000| PB 0x00000000fdc00000| Untracked 
|  29|0x00000000fdd00000, 0x00000000fdd00000, 0x00000000fde00000|  0%| F|  |TAMS 0x00000000fdd00000| PB 0x00000000fdd00000| Untracked 
|  30|0x00000000fde00000, 0x00000000fded6780, 0x00000000fdf00000| 83%| S|CS|TAMS 0x00000000fde00000| PB 0x00000000fde00000| Complete 
|  31|0x00000000fdf00000, 0x00000000fdf00000, 0x00000000fe000000|  0%| F|  |TAMS 0x00000000fdf00000| PB 0x00000000fdf00000| Untracked 
|  32|0x00000000fe000000, 0x00000000fe000000, 0x00000000fe100000|  0%| F|  |TAMS 0x00000000fe000000| PB 0x00000000fe000000| Untracked 
|  33|0x00000000fe100000, 0x00000000fe100000, 0x00000000fe200000|  0%| F|  |TAMS 0x00000000fe100000| PB 0x00000000fe100000| Untracked 
|  34|0x00000000fe200000, 0x00000000fe200000, 0x00000000fe300000|  0%| F|  |TAMS 0x00000000fe200000| PB 0x00000000fe200000| Untracked 
|  35|0x00000000fe300000, 0x00000000fe300000, 0x00000000fe400000|  0%| F|  |TAMS 0x00000000fe300000| PB 0x00000000fe300000| Untracked 
|  36|0x00000000fe400000, 0x00000000fe400000, 0x00000000fe500000|  0%| F|  |TAMS 0x00000000fe400000| PB 0x00000000fe400000| Untracked 
|  37|0x00000000fe500000, 0x00000000fe500000, 0x00000000fe600000|  0%| F|  |TAMS 0x00000000fe500000| PB 0x00000000fe500000| Untracked 
|  38|0x00000000fe600000, 0x00000000fe600000, 0x00000000fe700000|  0%| F|  |TAMS 0x00000000fe600000| PB 0x00000000fe600000| Untracked 
|  39|0x00000000fe700000, 0x00000000fe700000, 0x00000000fe800000|  0%| F|  |TAMS 0x00000000fe700000| PB 0x00000000fe700000| Untracked 
|  40|0x00000000fe800000, 0x00000000fe800000, 0x00000000fe900000|  0%| F|  |TAMS 0x00000000fe800000| PB 0x00000000fe800000| Untracked 
|  41|0x00000000fe900000, 0x00000000fe900000, 0x00000000fea00000|  0%| F|  |TAMS 0x00000000fe900000| PB 0x00000000fe900000| Untracked 
|  42|0x00000000fea00000, 0x00000000fea00000, 0x00000000feb00000|  0%| F|  |TAMS 0x00000000fea00000| PB 0x00000000fea00000| Untracked 
|  43|0x00000000feb00000, 0x00000000feb00000, 0x00000000fec00000|  0%| F|  |TAMS 0x00000000feb00000| PB 0x00000000feb00000| Untracked 
|  44|0x00000000fec00000, 0x00000000fec00000, 0x00000000fed00000|  0%| F|  |TAMS 0x00000000fec00000| PB 0x00000000fec00000| Untracked 
|  45|0x00000000fed00000, 0x00000000fed00000, 0x00000000fee00000|  0%| F|  |TAMS 0x00000000fed00000| PB 0x00000000fed00000| Untracked 
|  46|0x00000000fee00000, 0x00000000fee00000, 0x00000000fef00000|  0%| F|  |TAMS 0x00000000fee00000| PB 0x00000000fee00000| Untracked 
|  47|0x00000000fef00000, 0x00000000fef00000, 0x00000000ff000000|  0%| F|  |TAMS 0x00000000fef00000| PB 0x00000000fef00000| Untracked 
|  48|0x00000000ff000000, 0x00000000ff000000, 0x00000000ff100000|  0%| F|  |TAMS 0x00000000ff000000| PB 0x00000000ff000000| Untracked 
|  49|0x00000000ff100000, 0x00000000ff100000, 0x00000000ff200000|  0%| F|  |TAMS 0x00000000ff100000| PB 0x00000000ff100000| Untracked 
|  50|0x00000000ff200000, 0x00000000ff200000, 0x00000000ff300000|  0%| F|  |TAMS 0x00000000ff200000| PB 0x00000000ff200000| Untracked 
|  51|0x00000000ff300000, 0x00000000ff300000, 0x00000000ff400000|  0%| F|  |TAMS 0x00000000ff300000| PB 0x00000000ff300000| Untracked 
|  52|0x00000000ff400000, 0x00000000ff400000, 0x00000000ff500000|  0%| F|  |TAMS 0x00000000ff400000| PB 0x00000000ff400000| Untracked 
|  53|0x00000000ff500000, 0x00000000ff500000, 0x00000000ff600000|  0%| F|  |TAMS 0x00000000ff500000| PB 0x00000000ff500000| Untracked 
|  54|0x00000000ff600000, 0x00000000ff600000, 0x00000000ff700000|  0%| F|  |TAMS 0x00000000ff600000| PB 0x00000000ff600000| Untracked 
|  55|0x00000000ff700000, 0x00000000ff700000, 0x00000000ff800000|  0%| F|  |TAMS 0x00000000ff700000| PB 0x00000000ff700000| Untracked 
|  56|0x00000000ff800000, 0x00000000ff800000, 0x00000000ff900000|  0%| F|  |TAMS 0x00000000ff800000| PB 0x00000000ff800000| Untracked 
|  57|0x00000000ff900000, 0x00000000ff900000, 0x00000000ffa00000|  0%| F|  |TAMS 0x00000000ff900000| PB 0x00000000ff900000| Untracked 
|  58|0x00000000ffa00000, 0x00000000ffa00000, 0x00000000ffb00000|  0%| F|  |TAMS 0x00000000ffa00000| PB 0x00000000ffa00000| Untracked 
|  59|0x00000000ffb00000, 0x00000000ffb5fd70, 0x00000000ffc00000| 37%| E|  |TAMS 0x00000000ffb00000| PB 0x00000000ffb00000| Complete 
|  60|0x00000000ffc00000, 0x00000000ffd00000, 0x00000000ffd00000|100%| E|CS|TAMS 0x00000000ffc00000| PB 0x00000000ffc00000| Complete 
|  61|0x00000000ffd00000, 0x00000000ffe00000, 0x00000000ffe00000|100%| E|CS|TAMS 0x00000000ffd00000| PB 0x00000000ffd00000| Complete 
|  62|0x00000000ffe00000, 0x00000000fff00000, 0x00000000fff00000|100%| E|CS|TAMS 0x00000000ffe00000| PB 0x00000000ffe00000| Complete 
|  63|0x00000000fff00000, 0x0000000100000000, 0x0000000100000000|100%| E|CS|TAMS 0x00000000fff00000| PB 0x00000000fff00000| Complete 

Card table byte_map: [0x000001c2fe0e0000,0x000001c2fe100000] _byte_map_base: 0x000001c2fd900000

Marking Bits: (CMBitMap*) 0x000001c2ff926d80
 Bits: [0x000001c297a60000, 0x000001c297b60000)

Polling page: 0x000001c2fe090000

Metaspace:

Usage:
  Non-class:      8.63 MB used.
      Class:      1.24 MB used.
       Both:      9.87 MB used.

Virtual space:
  Non-class space:       64.00 MB reserved,       8.75 MB ( 14%) committed,  1 nodes.
      Class space:        1.00 GB reserved,       1.38 MB ( <1%) committed,  1 nodes.
             Both:        1.06 GB reserved,      10.12 MB ( <1%) committed. 

Chunk freelists:
   Non-Class:  7.14 MB
       Class:  14.67 MB
        Both:  21.81 MB

MaxMetaspaceSize: unlimited
CompressedClassSpaceSize: 1.00 GB
Initial GC threshold: 21.00 MB
Current GC threshold: 21.00 MB
CDS: on
 - commit_granule_bytes: 65536.
 - commit_granule_words: 8192.
 - virtual_space_node_default_size: 8388608.
 - enlarge_chunks_in_place: 1.
 - use_allocation_guard: 0.


Internal statistics:

num_allocs_failed_limit: 0.
num_arena_births: 230.
num_arena_deaths: 0.
num_vsnodes_births: 2.
num_vsnodes_deaths: 0.
num_space_committed: 162.
num_space_uncommitted: 0.
num_chunks_returned_to_freelist: 0.
num_chunks_taken_from_freelist: 544.
num_chunk_merges: 0.
num_chunk_splits: 347.
num_chunks_enlarged: 246.
num_inconsistent_stats: 0.

CodeHeap 'non-profiled nmethods': size=120000Kb used=1599Kb max_used=1599Kb free=118400Kb
 bounds [0x000001c2900f0000, 0x000001c290360000, 0x000001c297620000]
CodeHeap 'profiled nmethods': size=120000Kb used=4171Kb max_used=4171Kb free=115828Kb
 bounds [0x000001c288620000, 0x000001c288a40000, 0x000001c28fb50000]
CodeHeap 'non-nmethods': size=5760Kb used=1550Kb max_used=1592Kb free=4210Kb
 bounds [0x000001c28fb50000, 0x000001c28fdc0000, 0x000001c2900f0000]
 total_blobs=2879 nmethods=2381 adapters=402
 compilation: enabled
              stopped_count=0, restarted_count=0
 full_count=0

Compilation events (20 events):
Event: 4581.630 Thread 0x000001c29a54a8d0 nmethod 2373 0x000001c290273310 code [0x000001c2902734e0, 0x000001c2902739a0]
Event: 4584.656 Thread 0x000001c29a54a8d0 2374       4       com.esotericsoftware.kryo.io.Input::readVarLong (329 bytes)
Event: 4584.660 Thread 0x000001c29a54a8d0 nmethod 2374 0x000001c290273d10 code [0x000001c290273ee0, 0x000001c2902743e0]
Event: 4617.984 Thread 0x000001c29a54a8d0 2375       4       com.esotericsoftware.kryo.io.Input::require (220 bytes)
Event: 4617.991 Thread 0x000001c29a54a8d0 nmethod 2375 0x000001c290274790 code [0x000001c290274940, 0x000001c290274ca0]
Event: 4627.144 Thread 0x000001c29a54a8d0 2376       4       org.gradle.internal.logging.sink.GroupingProgressLogEventGenerator::getGroupFor (49 bytes)
Event: 4627.157 Thread 0x000001c29a54a8d0 nmethod 2376 0x000001c290274f10 code [0x000001c2902750e0, 0x000001c290275418]
Event: 4831.255 Thread 0x000001c29a54a8d0 2377       4       sun.nio.cs.StreamEncoder::writeBytes (139 bytes)
Event: 4831.386 Thread 0x000001c29a54a8d0 nmethod 2377 0x000001c290275790 code [0x000001c290275ae0, 0x000001c290277478]
Event: 4952.887 Thread 0x000001c29a54a8d0 2378       4       java.util.ArrayList::<init> (65 bytes)
Event: 4952.902 Thread 0x000001c29a54a8d0 nmethod 2378 0x000001c290278610 code [0x000001c2902787c0, 0x000001c290278c50]
Event: 5041.560 Thread 0x000001c29a55bb10 2379       3       org.fusesource.jansi.Ansi::eraseLine (11 bytes)
Event: 5041.692 Thread 0x000001c29a55bb10 nmethod 2379 0x000001c288a32910 code [0x000001c288a32ac0, 0x000001c288a32c20]
Event: 5066.484 Thread 0x000001c29a54a8d0 2380       4       org.gradle.internal.logging.console.StyledTextOutputBackedRenderer::onOutput (260 bytes)
Event: 5066.800 Thread 0x000001c29a54a8d0 nmethod 2380 0x000001c290278e10 code [0x000001c290279020, 0x000001c290279638]
Event: 5073.536 Thread 0x000001c29a54a8d0 2381       4       org.gradle.internal.logging.events.RenderableOutputEvent::<init> (15 bytes)
Event: 5073.539 Thread 0x000001c29a54a8d0 nmethod 2381 0x000001c290279c90 code [0x000001c290279e20, 0x000001c29027a160]
Event: 5073.539 Thread 0x000001c29a54a8d0 2382       4       org.gradle.internal.logging.serializer.StyledTextOutputEventSerializer::read (6 bytes)
Event: 5073.647 Thread 0x000001c29a54a8d0 nmethod 2382 0x000001c29027a210 code [0x000001c29027a6c0, 0x000001c29027deb0]
Event: 5114.247 Thread 0x000001c29a54a8d0 2383   !   4       java.io.FileOutputStream::write (47 bytes)

GC Heap History (8 events):
Event: 1.286 GC heap before
{Heap before GC invocations=0 (full 0):
 garbage-first heap   total 65536K, used 23552K [0x00000000fc000000, 0x0000000100000000)
  region size 1024K, 23 young (23552K), 0 survivors (0K)
 Metaspace       used 1615K, committed 1792K, reserved 1114112K
  class space    used 149K, committed 256K, reserved 1048576K
}
Event: 1.288 GC heap after
{Heap after GC invocations=1 (full 0):
 garbage-first heap   total 65536K, used 1920K [0x00000000fc000000, 0x0000000100000000)
  region size 1024K, 2 young (2048K), 2 survivors (2048K)
 Metaspace       used 1615K, committed 1792K, reserved 1114112K
  class space    used 149K, committed 256K, reserved 1048576K
}
Event: 2.833 GC heap before
{Heap before GC invocations=1 (full 0):
 garbage-first heap   total 65536K, used 38784K [0x00000000fc000000, 0x0000000100000000)
  region size 1024K, 35 young (35840K), 2 survivors (2048K)
 Metaspace       used 8427K, committed 8704K, reserved 1114112K
  class space    used 1110K, committed 1216K, reserved 1048576K
}
Event: 2.837 GC heap after
{Heap after GC invocations=2 (full 0):
 garbage-first heap   total 65536K, used 12039K [0x00000000fc000000, 0x0000000100000000)
  region size 1024K, 5 young (5120K), 5 survivors (5120K)
 Metaspace       used 8427K, committed 8704K, reserved 1114112K
  class space    used 1110K, committed 1216K, reserved 1048576K
}
Event: 1784.151 GC heap before
{Heap before GC invocations=2 (full 0):
 garbage-first heap   total 65536K, used 42759K [0x00000000fc000000, 0x0000000100000000)
  region size 1024K, 35 young (35840K), 5 survivors (5120K)
 Metaspace       used 10108K, committed 10368K, reserved 1114112K
  class space    used 1273K, committed 1408K, reserved 1048576K
}
Event: 1784.204 GC heap after
{Heap after GC invocations=3 (full 0):
 garbage-first heap   total 65536K, used 13334K [0x00000000fc000000, 0x0000000100000000)
  region size 1024K, 1 young (1024K), 1 survivors (1024K)
 Metaspace       used 10108K, committed 10368K, reserved 1114112K
  class space    used 1273K, committed 1408K, reserved 1048576K
}
Event: 4750.057 GC heap before
{Heap before GC invocations=3 (full 0):
 garbage-first heap   total 65536K, used 46102K [0x00000000fc000000, 0x0000000100000000)
  region size 1024K, 33 young (33792K), 1 survivors (1024K)
 Metaspace       used 10108K, committed 10368K, reserved 1114112K
  class space    used 1273K, committed 1408K, reserved 1048576K
}
Event: 4750.098 GC heap after
{Heap after GC invocations=4 (full 0):
 garbage-first heap   total 65536K, used 13319K [0x00000000fc000000, 0x0000000100000000)
  region size 1024K, 1 young (1024K), 1 survivors (1024K)
 Metaspace       used 10108K, committed 10368K, reserved 1114112K
  class space    used 1273K, committed 1408K, reserved 1048576K
}

Dll operation events (13 events):
Event: 0.007 Loaded shared library C:\Program Files\Eclipse Adoptium\jdk-21.0.6.7-hotspot\bin\java.dll
Event: 0.036 Loaded shared library C:\Program Files\Eclipse Adoptium\jdk-21.0.6.7-hotspot\bin\jsvml.dll
Event: 0.049 Loaded shared library C:\Program Files\Eclipse Adoptium\jdk-21.0.6.7-hotspot\bin\net.dll
Event: 0.051 Loaded shared library C:\Program Files\Eclipse Adoptium\jdk-21.0.6.7-hotspot\bin\nio.dll
Event: 0.054 Loaded shared library C:\Program Files\Eclipse Adoptium\jdk-21.0.6.7-hotspot\bin\zip.dll
Event: 1.292 Loaded shared library C:\Program Files\Eclipse Adoptium\jdk-21.0.6.7-hotspot\bin\jimage.dll
Event: 2.557 Loaded shared library C:\Program Files\Eclipse Adoptium\jdk-21.0.6.7-hotspot\bin\management.dll
Event: 2.561 Loaded shared library C:\Program Files\Eclipse Adoptium\jdk-21.0.6.7-hotspot\bin\management_ext.dll
Event: 2.594 Loaded shared library C:\Users\jaker\.gradle\native\660c5614fbf4a5f2a75b1949f50a0caf5cd603558e7d8a26e50b933a0cfb79d1\windows-amd64\native-platform.dll
Event: 2.619 Loaded shared library C:\Program Files\Eclipse Adoptium\jdk-21.0.6.7-hotspot\bin\verify.dll
Event: 2.622 Loaded shared library C:\Users\jaker\.gradle\native\jansi\1.18\windows64\jansi.dll
Event: 2.734 Loaded shared library C:\Program Files\Eclipse Adoptium\jdk-21.0.6.7-hotspot\bin\extnet.dll
Event: 2.889 Loaded shared library C:\Program Files\Eclipse Adoptium\jdk-21.0.6.7-hotspot\bin\sunmscapi.dll

Deoptimization events (20 events):
Event: 695.843 Thread 0x000001c2e0b775d0 DEOPT PACKING pc=0x000001c2901cb6a4 sp=0x0000003b2a8fec50
Event: 695.843 Thread 0x000001c2e0b775d0 DEOPT UNPACKING pc=0x000001c28fba7da2 sp=0x0000003b2a8feb90 mode 2
Event: 727.270 Thread 0x000001c2fde658d0 DEOPT PACKING pc=0x000001c2889a9f79 sp=0x0000003b295fd710
Event: 727.270 Thread 0x000001c2fde658d0 DEOPT UNPACKING pc=0x000001c28fba88e2 sp=0x0000003b295fcb80 mode 0
Event: 1784.206 Thread 0x000001c29a702b20 Uncommon trap: trap_request=0xffffff45 fr.pc=0x000001c2901c7994 relative=0x0000000000000074
Event: 1784.206 Thread 0x000001c29a702b20 Uncommon trap: reason=unstable_if action=reinterpret pc=0x000001c2901c7994 method=java.util.concurrent.locks.AbstractQueuedSynchronizer$ConditionObject.canReacquire(Ljava/util/concurrent/locks/AbstractQueuedSynchronizer$ConditionNode;)Z @ 10 c2
Event: 1784.206 Thread 0x000001c29a702b20 DEOPT PACKING pc=0x000001c2901c7994 sp=0x0000003b2a6ff1b0
Event: 1784.206 Thread 0x000001c29a702b20 DEOPT UNPACKING pc=0x000001c28fba7da2 sp=0x0000003b2a6ff148 mode 2
Event: 1784.206 Thread 0x000001c29a702b20 Uncommon trap: trap_request=0xffffff45 fr.pc=0x000001c2901f84c0 relative=0x0000000000000200
Event: 1784.206 Thread 0x000001c29a702b20 Uncommon trap: reason=unstable_if action=reinterpret pc=0x000001c2901f84c0 method=java.util.concurrent.locks.AbstractQueuedSynchronizer.acquire(Ljava/util/concurrent/locks/AbstractQueuedSynchronizer$Node;IZZZJ)I @ 40 c2
Event: 1784.206 Thread 0x000001c29a702b20 DEOPT PACKING pc=0x000001c2901f84c0 sp=0x0000003b2a6ff130
Event: 1784.207 Thread 0x000001c29a702b20 DEOPT UNPACKING pc=0x000001c28fba7da2 sp=0x0000003b2a6ff0c8 mode 2
Event: 3603.255 Thread 0x000001c2e0b775d0 Uncommon trap: trap_request=0xffffff45 fr.pc=0x000001c29020b024 relative=0x0000000000006384
Event: 3603.262 Thread 0x000001c2e0b775d0 Uncommon trap: reason=unstable_if action=reinterpret pc=0x000001c29020b024 method=org.gradle.internal.time.TimeFormatting.formatDurationTerse(J)Ljava/lang/String; @ 13 c2
Event: 3603.265 Thread 0x000001c2e0b775d0 DEOPT PACKING pc=0x000001c29020b024 sp=0x0000003b2a8fece0
Event: 3603.269 Thread 0x000001c2e0b775d0 DEOPT UNPACKING pc=0x000001c28fba7da2 sp=0x0000003b2a8feb70 mode 2
Event: 3943.949 Thread 0x000001c2fde658d0 Uncommon trap: trap_request=0xffffff45 fr.pc=0x000001c2901ae0f8 relative=0x0000000000000238
Event: 3943.951 Thread 0x000001c2fde658d0 Uncommon trap: reason=unstable_if action=reinterpret pc=0x000001c2901ae0f8 method=com.esotericsoftware.kryo.io.Input.require(I)I @ 65 c2
Event: 3943.951 Thread 0x000001c2fde658d0 DEOPT PACKING pc=0x000001c2901ae0f8 sp=0x0000003b295fd980
Event: 3943.952 Thread 0x000001c2fde658d0 DEOPT UNPACKING pc=0x000001c28fba7da2 sp=0x0000003b295fd930 mode 2

Classes loaded (20 events):
Event: 2.906 Loading class java/nio/channels/Pipe$SinkChannel done
Event: 2.906 Loading class sun/nio/ch/SinkChannelImpl done
Event: 2.907 Loading class sun/nio/ch/SelectionKeyImpl
Event: 2.907 Loading class java/nio/channels/spi/AbstractSelectionKey
Event: 2.907 Loading class java/nio/channels/SelectionKey
Event: 2.907 Loading class java/nio/channels/SelectionKey done
Event: 2.907 Loading class java/nio/channels/spi/AbstractSelectionKey done
Event: 2.907 Loading class sun/nio/ch/SelectionKeyImpl done
Event: 2.907 Loading class java/lang/invoke/ConstantBootstraps
Event: 2.908 Loading class java/lang/invoke/ConstantBootstraps done
Event: 2.914 Loading class java/nio/channels/spi/AbstractSelector$1
Event: 2.914 Loading class java/nio/channels/spi/AbstractSelector$1 done
Event: 3.017 Loading class java/util/concurrent/Executors$AutoShutdownDelegatedExecutorService
Event: 3.018 Loading class java/util/concurrent/Executors$AutoShutdownDelegatedExecutorService done
Event: 3.644 Loading class java/util/AbstractList$ListItr
Event: 3.644 Loading class java/util/AbstractList$ListItr done
Event: 4.597 Loading class java/lang/invoke/MethodHandle$1
Event: 4.597 Loading class java/lang/invoke/MethodHandle$1 done
Event: 1290.257 Loading class java/lang/foreign/MemorySegment
Event: 1290.291 Loading class java/lang/foreign/MemorySegment done

Classes unloaded (0 events):
No events

Classes redefined (0 events):
No events

Internal exceptions (20 events):
Event: 0.147 Thread 0x000001c2fde658d0 Exception <a 'java/lang/NoSuchMethodError'{0x00000000ffc774a0}: 'void java.lang.invoke.DirectMethodHandle$Holder.invokeSpecial(java.lang.Object, java.lang.Object, java.lang.Object)'> (0x00000000ffc774a0) 
thrown [s\src\hotspot\share\interpreter\linkResolver.cpp, line 773]
Event: 0.200 Thread 0x000001c2fde658d0 Exception <a 'java/lang/NoSuchMethodError'{0x00000000ffcc96b0}: 'int java.lang.invoke.DirectMethodHandle$Holder.invokeStaticInit(java.lang.Object, java.lang.Object)'> (0x00000000ffcc96b0) 
thrown [s\src\hotspot\share\interpreter\linkResolver.cpp, line 773]
Event: 2.449 Thread 0x000001c2fde658d0 Exception <a 'java/lang/NoSuchMethodError'{0x00000000ff5d2ae0}: 'java.lang.Object java.lang.invoke.DirectMethodHandle$Holder.invokeInterface(java.lang.Object, java.lang.Object)'> (0x00000000ff5d2ae0) 
thrown [s\src\hotspot\share\interpreter\linkResolver.cpp, line 773]
Event: 2.450 Thread 0x000001c2fde658d0 Exception <a 'java/lang/NoSuchMethodError'{0x00000000ff5dcfc8}: 'java.lang.Object java.lang.invoke.DirectMethodHandle$Holder.invokeVirtual(java.lang.Object, java.lang.Object, java.lang.Object)'> (0x00000000ff5dcfc8) 
thrown [s\src\hotspot\share\interpreter\linkResolver.cpp, line 773]
Event: 2.566 Thread 0x000001c2fde658d0 Exception <a 'java/lang/NoSuchMethodError'{0x00000000fef85868}: 'int java.lang.invoke.DirectMethodHandle$Holder.invokeSpecial(java.lang.Object, java.lang.Object, java.lang.Object)'> (0x00000000fef85868) 
thrown [s\src\hotspot\share\interpreter\linkResolver.cpp, line 773]
Event: 2.602 Thread 0x000001c2fde658d0 Exception <a 'java/lang/NoSuchMethodError'{0x00000000fed8dcd0}: 'java.lang.Object java.lang.invoke.DirectMethodHandle$Holder.invokeStatic(java.lang.Object, java.lang.Object, int)'> (0x00000000fed8dcd0) 
thrown [s\src\hotspot\share\interpreter\linkResolver.cpp, line 773]
Event: 2.604 Thread 0x000001c2fde658d0 Exception <a 'java/lang/NoSuchMethodError'{0x00000000fed99480}: 'void java.lang.invoke.DelegatingMethodHandle$Holder.delegate(java.lang.Object, java.lang.Object, int, java.lang.Object)'> (0x00000000fed99480) 
thrown [s\src\hotspot\share\interpreter\linkResolver.cpp, line 773]
Event: 2.670 Thread 0x000001c2fde658d0 Exception <a 'java/lang/NoSuchMethodError'{0x00000000fe9c9c78}: 'java.lang.Object java.lang.invoke.DirectMethodHandle$Holder.newInvokeSpecial(java.lang.Object, java.lang.Object, java.lang.Object, java.lang.Object, java.lang.Object)'> (0x00000000fe9c9c78) 
thrown [s\src\hotspot\share\interpreter\linkResolver.cpp, line 773]
Event: 2.675 Thread 0x000001c2fde658d0 Exception <a 'java/lang/NoSuchMethodError'{0x00000000fe62e220}: 'java.lang.Object java.lang.invoke.Invokers$Holder.invokeExact_MT(java.lang.Object, java.lang.Object, java.lang.Object, java.lang.Object, java.lang.Object)'> (0x00000000fe62e220) 
thrown [s\src\hotspot\share\interpreter\linkResolver.cpp, line 773]
Event: 2.679 Thread 0x000001c2fde658d0 Exception <a 'java/lang/NoSuchMethodError'{0x00000000fe6617d0}: 'java.lang.Object java.lang.invoke.DirectMethodHandle$Holder.invokeVirtual(java.lang.Object, java.lang.Object, java.lang.Object, java.lang.Object, java.lang.Object, java.lang.Object, java.lang.Object)'> (0x00000000fe6617d0) 
thrown [s\src\hotspot\share\interpreter\linkResolver.cpp, line 773]
Event: 2.683 Thread 0x000001c2fde658d0 Exception <a 'java/lang/NoSuchMethodError'{0x00000000fe6a6ad8}: 'java.lang.Object java.lang.invoke.DirectMethodHandle$Holder.invokeVirtual(java.lang.Object, java.lang.Object, java.lang.Object, java.lang.Object)'> (0x00000000fe6a6ad8) 
thrown [s\src\hotspot\share\interpreter\linkResolver.cpp, line 773]
Event: 2.735 Thread 0x000001c2fde658d0 Exception <a 'java/lang/NoSuchMethodError'{0x00000000fe373cb0}: 'void java.lang.invoke.DirectMethodHandle$Holder.invokeStatic(java.lang.Object, java.lang.Object, java.lang.Object)'> (0x00000000fe373cb0) 
thrown [s\src\hotspot\share\interpreter\linkResolver.cpp, line 773]
Event: 2.747 Thread 0x000001c2fde658d0 Exception <a 'java/lang/NoSuchMethodError'{0x00000000fe2403f0}: 'java.lang.Object java.lang.invoke.DirectMethodHandle$Holder.invokeVirtual(java.lang.Object, java.lang.Object, java.lang.Object, java.lang.Object, java.lang.Object)'> (0x00000000fe2403f0) 
thrown [s\src\hotspot\share\interpreter\linkResolver.cpp, line 773]
Event: 2.748 Thread 0x000001c2fde658d0 Exception <a 'java/lang/NoSuchMethodError'{0x00000000fe253240}: 'java.lang.Object java.lang.invoke.Invokers$Holder.invokeExact_MT(java.lang.Object, java.lang.Object, java.lang.Object, java.lang.Object, java.lang.Object, java.lang.Object)'> (0x00000000fe253240) 
thrown [s\src\hotspot\share\interpreter\linkResolver.cpp, line 773]
Event: 2.777 Thread 0x000001c2fde658d0 Exception <a 'java/lang/NoSuchMethodError'{0x00000000fdf13488}: 'java.lang.Object java.lang.invoke.DirectMethodHandle$Holder.invokeVirtual(java.lang.Object, java.lang.Object, java.lang.Object, java.lang.Object, java.lang.Object, java.lang.Object, java.lang.Object, java.lang.Object, java.lang.Object)'> (0x00000000fdf13488) 
thrown [s\src\hotspot\share\interpreter\linkResolver.cpp, line 773]
Event: 2.814 Thread 0x000001c2fde658d0 Exception <a 'java/lang/NoSuchMethodError'{0x00000000fdd5cba8}: 'java.lang.Object java.lang.invoke.DirectMethodHandle$Holder.invokeVirtual(java.lang.Object, java.lang.Object, java.lang.Object, java.lang.Object, java.lang.Object, java.lang.Object, java.lang.Object, java.lang.Object)'> (0x00000000fdd5cba8) 
thrown [s\src\hotspot\share\interpreter\linkResolver.cpp, line 773]
Event: 2.823 Thread 0x000001c2fde658d0 Exception <a 'java/lang/NoSuchMethodError'{0x00000000fddea988}: 'java.lang.Object java.lang.invoke.DirectMethodHandle$Holder.invokeStaticInit(java.lang.Object, int, int, int, int)'> (0x00000000fddea988) 
thrown [s\src\hotspot\share\interpreter\linkResolver.cpp, line 773]
Event: 2.844 Thread 0x000001c2fde658d0 Exception <a 'java/lang/NoSuchMethodError'{0x00000000ffe258d8}: 'java.lang.Object java.lang.invoke.DirectMethodHandle$Holder.invokeStaticInit(java.lang.Object, java.lang.Object, int, int, int, int)'> (0x00000000ffe258d8) 
thrown [s\src\hotspot\share\interpreter\linkResolver.cpp, line 773]
Event: 2.858 Thread 0x000001c2fde658d0 Implicit null exception at 0x000001c2901462a4 to 0x000001c29014696c
Event: 2.860 Thread 0x000001c2fde658d0 Exception <a 'java/lang/NoSuchMethodError'{0x00000000ffd45e28}: 'void java.lang.invoke.DirectMethodHandle$Holder.invokeInterface(java.lang.Object, java.lang.Object, java.lang.Object)'> (0x00000000ffd45e28) 
thrown [s\src\hotspot\share\interpreter\linkResolver.cpp, line 773]

ZGC Phase Switch (0 events):
No events

VM Operations (20 events):
Event: 4569.602 Executing VM operation: HandshakeAllThreads (HandshakeForDeflation)
Event: 4569.602 Executing VM operation: HandshakeAllThreads (HandshakeForDeflation) done
Event: 4569.603 Executing VM operation: RendezvousGCThreads
Event: 4569.603 Executing VM operation: RendezvousGCThreads done
Event: 4584.721 Executing VM operation: Cleanup
Event: 4584.721 Executing VM operation: Cleanup done
Event: 4629.654 Executing VM operation: HandshakeAllThreads (HandshakeForDeflation)
Event: 4629.655 Executing VM operation: HandshakeAllThreads (HandshakeForDeflation) done
Event: 4629.655 Executing VM operation: RendezvousGCThreads
Event: 4629.655 Executing VM operation: RendezvousGCThreads done
Event: 4750.048 Executing VM operation: G1CollectForAllocation (G1 Evacuation Pause)
Event: 4750.098 Executing VM operation: G1CollectForAllocation (G1 Evacuation Pause) done
Event: 5074.232 Executing VM operation: Cleanup
Event: 5074.235 Executing VM operation: Cleanup done
Event: 5076.247 Executing VM operation: Cleanup
Event: 5076.247 Executing VM operation: Cleanup done
Event: 5110.806 Executing VM operation: HandshakeAllThreads (HandshakeForDeflation)
Event: 5110.808 Executing VM operation: HandshakeAllThreads (HandshakeForDeflation) done
Event: 5110.808 Executing VM operation: RendezvousGCThreads
Event: 5110.808 Executing VM operation: RendezvousGCThreads done

Memory protections (0 events):
No events

Nmethod flushes (0 events):
No events

Events (18 events):
Event: 0.018 Thread 0x000001c2fde658d0 Thread added: 0x000001c2fde658d0
Event: 0.033 Thread 0x000001c2fde658d0 Thread added: 0x000001c29a535e50
Event: 0.033 Thread 0x000001c2fde658d0 Thread added: 0x000001c29a53adb0
Event: 0.033 Thread 0x000001c2fde658d0 Thread added: 0x000001c29a5402d0
Event: 0.033 Thread 0x000001c2fde658d0 Thread added: 0x000001c29a540e10
Event: 0.033 Thread 0x000001c2fde658d0 Thread added: 0x000001c29a541950
Event: 0.033 Thread 0x000001c2fde658d0 Thread added: 0x000001c29a542d60
Event: 0.033 Thread 0x000001c2fde658d0 Thread added: 0x000001c29a54a8d0
Event: 0.033 Thread 0x000001c2fde658d0 Thread added: 0x000001c29a55bb10
Event: 0.045 Thread 0x000001c2fde658d0 Thread added: 0x000001c29a6d6300
Event: 0.046 Thread 0x000001c2fde658d0 Thread added: 0x000001c29a702b20
Event: 1.286 Thread 0x000001c29a55bb10 Thread added: 0x000001c29a88cb90
Event: 1.289 Thread 0x000001c29a54a8d0 Thread added: 0x000001c29a88d260
Event: 1.568 Thread 0x000001c29a88d260 Thread exited: 0x000001c29a88d260
Event: 1.595 Thread 0x000001c29a88cb90 Thread exited: 0x000001c29a88cb90
Event: 2.427 Thread 0x000001c29a55bb10 Thread added: 0x000001c29a88bdf0
Event: 2.638 Thread 0x000001c2fde658d0 Thread added: 0x000001c2e0b775d0
Event: 3.017 Thread 0x000001c29a88bdf0 Thread exited: 0x000001c29a88bdf0


Dynamic libraries:
0x00007ff62ff50000 - 0x00007ff62ff5e000 	C:\Program Files\Eclipse Adoptium\jdk-21.0.6.7-hotspot\bin\java.exe
0x00007ff888c20000 - 0x00007ff888e87000 	C:\WINDOWS\SYSTEM32\ntdll.dll
0x00007ff888380000 - 0x00007ff888449000 	C:\WINDOWS\System32\KERNEL32.DLL
0x00007ff885e00000 - 0x00007ff8861ef000 	C:\WINDOWS\System32\KERNELBASE.dll
0x00007ff886700000 - 0x00007ff88684b000 	C:\WINDOWS\System32\ucrtbase.dll
0x00007ff875a70000 - 0x00007ff875a88000 	C:\Program Files\Eclipse Adoptium\jdk-21.0.6.7-hotspot\bin\jli.dll
0x00007ff875a50000 - 0x00007ff875a6e000 	C:\Program Files\Eclipse Adoptium\jdk-21.0.6.7-hotspot\bin\VCRUNTIME140.dll
0x00007ff888600000 - 0x00007ff8887c5000 	C:\WINDOWS\System32\USER32.dll
0x00007ff8866d0000 - 0x00007ff8866f7000 	C:\WINDOWS\System32\win32u.dll
0x00007ff888940000 - 0x00007ff88896b000 	C:\WINDOWS\System32\GDI32.dll
0x00007ff868220000 - 0x00007ff8684b3000 	C:\WINDOWS\WinSxS\amd64_microsoft.windows.common-controls_6595b64144ccf1df_6.0.26100.7309_none_3e05feeae336a044\COMCTL32.dll
0x00007ff8865a0000 - 0x00007ff8866cc000 	C:\WINDOWS\System32\gdi32full.dll
0x00007ff8864f0000 - 0x00007ff886593000 	C:\WINDOWS\System32\msvcp_win.dll
0x00007ff888550000 - 0x00007ff8885f9000 	C:\WINDOWS\System32\msvcrt.dll
0x00007ff888480000 - 0x00007ff8884b1000 	C:\WINDOWS\System32\IMM32.DLL
0x00007ff875a40000 - 0x00007ff875a4c000 	C:\Program Files\Eclipse Adoptium\jdk-21.0.6.7-hotspot\bin\vcruntime140_1.dll
0x00007ff850030000 - 0x00007ff8500bd000 	C:\Program Files\Eclipse Adoptium\jdk-21.0.6.7-hotspot\bin\msvcp140.dll
0x00007ff80c9a0000 - 0x00007ff80d730000 	C:\Program Files\Eclipse Adoptium\jdk-21.0.6.7-hotspot\bin\server\jvm.dll
0x00007ff887f30000 - 0x00007ff887fe4000 	C:\WINDOWS\System32\ADVAPI32.dll
0x00007ff887c20000 - 0x00007ff887cc6000 	C:\WINDOWS\System32\sechost.dll
0x00007ff8869c0000 - 0x00007ff886ad8000 	C:\WINDOWS\System32\RPCRT4.dll
0x00007ff8887f0000 - 0x00007ff888864000 	C:\WINDOWS\System32\WS2_32.dll
0x00007ff87d540000 - 0x00007ff87d575000 	C:\WINDOWS\SYSTEM32\WINMM.dll
0x00007ff885bd0000 - 0x00007ff885c2e000 	C:\WINDOWS\SYSTEM32\POWRPROF.dll
0x00007ff876cd0000 - 0x00007ff876cdb000 	C:\WINDOWS\SYSTEM32\VERSION.dll
0x00007ff885bb0000 - 0x00007ff885bc4000 	C:\WINDOWS\SYSTEM32\UMPDC.dll
0x00007ff884b20000 - 0x00007ff884b3b000 	C:\WINDOWS\SYSTEM32\kernel.appcore.dll
0x00007ff875a30000 - 0x00007ff875a3a000 	C:\Program Files\Eclipse Adoptium\jdk-21.0.6.7-hotspot\bin\jimage.dll
0x00007ff883530000 - 0x00007ff883772000 	C:\WINDOWS\SYSTEM32\DBGHELP.DLL
0x00007ff887ff0000 - 0x00007ff888376000 	C:\WINDOWS\System32\combase.dll
0x00007ff886e80000 - 0x00007ff886f56000 	C:\WINDOWS\System32\OLEAUT32.dll
0x00007ff864510000 - 0x00007ff86454c000 	C:\WINDOWS\SYSTEM32\dbgcore.DLL
0x00007ff886200000 - 0x00007ff8862a5000 	C:\WINDOWS\System32\bcryptPrimitives.dll
0x00007ff873670000 - 0x00007ff87368f000 	C:\Program Files\Eclipse Adoptium\jdk-21.0.6.7-hotspot\bin\java.dll
0x00007ff887030000 - 0x00007ff887783000 	C:\WINDOWS\System32\SHELL32.dll
0x00007ff886850000 - 0x00007ff8869ba000 	C:\WINDOWS\System32\wintypes.dll
0x00007ff8837c0000 - 0x00007ff88401e000 	C:\WINDOWS\SYSTEM32\windows.storage.dll
0x00007ff886c10000 - 0x00007ff886d05000 	C:\WINDOWS\System32\SHCORE.dll
0x00007ff886fc0000 - 0x00007ff887026000 	C:\WINDOWS\System32\shlwapi.dll
0x00007ff885c90000 - 0x00007ff885cb9000 	C:\WINDOWS\SYSTEM32\profapi.dll
0x00007ff84dec0000 - 0x00007ff84df97000 	C:\Program Files\Eclipse Adoptium\jdk-21.0.6.7-hotspot\bin\jsvml.dll
0x00007ff863850000 - 0x00007ff863860000 	C:\Program Files\Eclipse Adoptium\jdk-21.0.6.7-hotspot\bin\net.dll
0x00007ff8779d0000 - 0x00007ff877af8000 	C:\WINDOWS\SYSTEM32\WINHTTP.dll
0x00007ff885090000 - 0x00007ff8850fb000 	C:\WINDOWS\system32\mswsock.dll
0x00007ff863100000 - 0x00007ff863116000 	C:\Program Files\Eclipse Adoptium\jdk-21.0.6.7-hotspot\bin\nio.dll
0x00007ff863120000 - 0x00007ff863138000 	C:\Program Files\Eclipse Adoptium\jdk-21.0.6.7-hotspot\bin\zip.dll
0x00007ff85faa0000 - 0x00007ff85faaa000 	C:\Program Files\Eclipse Adoptium\jdk-21.0.6.7-hotspot\bin\management.dll
0x00007ff85f600000 - 0x00007ff85f60b000 	C:\Program Files\Eclipse Adoptium\jdk-21.0.6.7-hotspot\bin\management_ext.dll
0x00007ff888870000 - 0x00007ff888878000 	C:\WINDOWS\System32\PSAPI.DLL
0x00007ff874eb0000 - 0x00007ff874ed7000 	C:\Users\jaker\.gradle\native\660c5614fbf4a5f2a75b1949f50a0caf5cd603558e7d8a26e50b933a0cfb79d1\windows-amd64\native-platform.dll
0x00007ff8630a0000 - 0x00007ff8630b0000 	C:\Program Files\Eclipse Adoptium\jdk-21.0.6.7-hotspot\bin\verify.dll
0x00007ff875950000 - 0x00007ff87595a000 	C:\Users\jaker\.gradle\native\jansi\1.18\windows64\jansi.dll
0x00007ff8845a0000 - 0x00007ff8845d4000 	C:\WINDOWS\SYSTEM32\IPHLPAPI.DLL
0x00007ff8887e0000 - 0x00007ff8887ea000 	C:\WINDOWS\System32\NSI.dll
0x00007ff874f20000 - 0x00007ff874f29000 	C:\Program Files\Eclipse Adoptium\jdk-21.0.6.7-hotspot\bin\extnet.dll
0x00007ff885350000 - 0x00007ff88536b000 	C:\WINDOWS\SYSTEM32\CRYPTSP.dll
0x00007ff884a80000 - 0x00007ff884aba000 	C:\WINDOWS\system32\rsaenh.dll
0x00007ff885140000 - 0x00007ff88516b000 	C:\WINDOWS\SYSTEM32\USERENV.dll
0x00007ff885c60000 - 0x00007ff885c8a000 	C:\WINDOWS\SYSTEM32\bcrypt.dll
0x00007ff885370000 - 0x00007ff88537c000 	C:\WINDOWS\SYSTEM32\CRYPTBASE.dll
0x00007ff874f10000 - 0x00007ff874f1e000 	C:\Program Files\Eclipse Adoptium\jdk-21.0.6.7-hotspot\bin\sunmscapi.dll
0x00007ff886370000 - 0x00007ff8864e7000 	C:\WINDOWS\System32\CRYPT32.dll
0x00007ff885570000 - 0x00007ff8855a0000 	C:\WINDOWS\SYSTEM32\ncrypt.dll
0x00007ff885520000 - 0x00007ff88555f000 	C:\WINDOWS\SYSTEM32\NTASN1.dll
0x00007ff875070000 - 0x00007ff875078000 	C:\WINDOWS\system32\wshunix.dll

dbghelp: loaded successfully - version: 4.0.5 - missing functions: none
symbol engine: initialized successfully - sym options: 0x614 - pdb path: .;C:\Program Files\Eclipse Adoptium\jdk-21.0.6.7-hotspot\bin;C:\WINDOWS\SYSTEM32;C:\WINDOWS\WinSxS\amd64_microsoft.windows.common-controls_6595b64144ccf1df_6.0.26100.7309_none_3e05feeae336a044;C:\Program Files\Eclipse Adoptium\jdk-21.0.6.7-hotspot\bin\server;C:\Users\jaker\.gradle\native\660c5614fbf4a5f2a75b1949f50a0caf5cd603558e7d8a26e50b933a0cfb79d1\windows-amd64;C:\Users\jaker\.gradle\native\jansi\1.18\windows64

VM Arguments:
jvm_args: -Xmx64m -Xms64m -Dorg.gradle.appname=gradlew 
java_command: E:\festival flow\festivla manager\backend\\gradle\wrapper\gradle-wrapper.jar bootRun
java_class_path (initial): E:\festival flow\festivla manager\backend\\gradle\wrapper\gradle-wrapper.jar
Launcher Type: SUN_STANDARD

[Global flags]
     intx CICompilerCount                          = 4                                         {product} {ergonomic}
     uint ConcGCThreads                            = 2                                         {product} {ergonomic}
     uint G1ConcRefinementThreads                  = 8                                         {product} {ergonomic}
   size_t G1HeapRegionSize                         = 1048576                                   {product} {ergonomic}
    uintx GCDrainStackTargetSize                   = 64                                        {product} {ergonomic}
   size_t InitialHeapSize                          = 67108864                                  {product} {command line}
   size_t MarkStackSize                            = 4194304                                   {product} {ergonomic}
   size_t MaxHeapSize                              = 67108864                                  {product} {command line}
   size_t MaxNewSize                               = 39845888                                  {product} {ergonomic}
   size_t MinHeapDeltaBytes                        = 1048576                                   {product} {ergonomic}
   size_t MinHeapSize                              = 67108864                                  {product} {command line}
    uintx NonNMethodCodeHeapSize                   = 5839372                                {pd product} {ergonomic}
    uintx NonProfiledCodeHeapSize                  = 122909434                              {pd product} {ergonomic}
    uintx ProfiledCodeHeapSize                     = 122909434                              {pd product} {ergonomic}
    uintx ReservedCodeCacheSize                    = 251658240                              {pd product} {ergonomic}
     bool SegmentedCodeCache                       = true                                      {product} {ergonomic}
   size_t SoftMaxHeapSize                          = 67108864                               {manageable} {ergonomic}
     bool UseCompressedOops                        = true                           {product lp64_product} {ergonomic}
     bool UseG1GC                                  = true                                      {product} {ergonomic}
     bool UseLargePagesIndividualAllocation        = false                                  {pd product} {ergonomic}

Logging:
Log output configuration:
 #0: stdout all=warning uptime,level,tags foldmultilines=false
 #1: stderr all=off uptime,level,tags foldmultilines=false

Environment Variables:
PATH=C:\Program Files\Eclipse Adoptium\jdk-21.0.6.7-hotspot\bin;C:\Users\jaker\Desktop\platform-tools-latest-windows\platform-tools;C:\WINDOWS;C:\WINDOWS\System32\Wbem;C:\WINDOWS\System32\WindowsPowerShell\v1.0\;C:\WINDOWS\System32\OpenSSH\;C:\Program Files\Microsoft SQL Server\150\Tools\Binn\;C:\Program Files\Microsoft SQL Server\Client SDK\ODBC\170\Tools\Binn\;C:\Program Files (x86)\Windows Kits\10\Windows Performance Toolkit\;C:\WINDOWS\system32;C:\Program Files\nodejs\;C:\ProgramData\chocolatey\bin;C:\Program Files\Git\cmd;C:\Program Files\dotnet\;C:\Program Files\cursor\resources\app\bin;C:\Program Files\Redis\;C:\Program Files\Docker\Docker\resources\bin;C:\Users\jaker\AppData\Local\Programs\Python\Launcher\;C:\Users\jaker\AppData\Local\Microsoft\WindowsApps;C:\Users\jaker\AppData\Local\Programs\Microsoft VS Code\bin;C:\Users\jaker\AppData\Local\GitHubDesktop\bin;C:\Users\jaker\AppData\Roaming\npm;C:\Users\jaker\.aftman\bin;C:\Users\jaker\AppData\Local\Programs\cursor\resources\app\bin;c:\Users\jaker\.cursor\extensions\vscjava.vscode-java-debug-0.58.5-universal\bundled\scripts\noConfigScripts
USERNAME=jaker
LANG=en_US.UTF-8
TMPDIR=C:\Users\Public\Documents\ESTsoft\CreatorTemp
OS=Windows_NT
PROCESSOR_IDENTIFIER=Intel64 Family 6 Model 140 Stepping 1, GenuineIntel
TMP=C:\Users\jaker\AppData\Local\Temp
TEMP=C:\Users\jaker\AppData\Local\Temp




Periodic native trim disabled

---------------  S Y S T E M  ---------------

OS:
 Windows 11 , 64 bit Build 26100 (10.0.26100.7623)
OS uptime: 0 days 20:05 hours
Hyper-V role detected

CPU: total 8 (initial active 8) (4 cores per cpu, 2 threads per core) family 6 model 140 stepping 1 microcode 0xb4, cx8, cmov, fxsr, ht, mmx, 3dnowpref, sse, sse2, sse3, ssse3, sse4.1, sse4.2, popcnt, lzcnt, tsc, tscinvbit, avx, avx2, aes, erms, clmul, bmi1, bmi2, adx, avx512f, avx512dq, avx512cd, avx512bw, avx512vl, sha, fma, vzeroupper, avx512_vpopcntdq, avx512_vpclmulqdq, avx512_vaes, avx512_vnni, clflush, clflushopt, clwb, avx512_vbmi2, avx512_vbmi, hv, rdtscp, rdpid, fsrm, gfni, avx512_bitalg, f16c, cet_ibt, cet_ss, avx512_ifma
Processor Information for the first 8 processors :
  Max Mhz: 2419, Current Mhz: 2419, Mhz Limit: 2419

Memory: 4k page, system-wide physical 7865M (500M free)
TotalPageFile size 32441M (AvailPageFile size 0M)
current process WorkingSet (physical memory assigned to process): 15M, peak: 113M
current process commit charge ("private bytes"): 167M, peak: 192M

vm_info: OpenJDK 64-Bit Server VM (21.0.6+7-LTS) for windows-amd64 JRE (21.0.6+7-LTS), built on 2025-01-21T00:00:00Z by "admin" with MS VC++ 17.7 (VS2022)

END.
